<?xml version="1.0" encoding="UTF-8"?>
<!-- Generated by org.testng.reporters.JUnitReportReporter -->
<testsuite skipped="0" hostname="ATMECSINLT-283" name="com.konacart.script.KonaCartScriptScenarioFirst" tests="2" failures="0" timestamp="2019-10-06T14:57:46 IST" time="6.745" errors="0">
  <testcase name="positiveScenario" time="4.085" classname="com.konacart.script.KonaCartScriptScenarioFirst"/>
  <testcase name="negativeScenario" time="2.660" classname="com.konacart.script.KonaCartScriptScenarioFirst"/>
</testsuite> <!-- com.konacart.script.KonaCartScriptScenarioFirst -->
