<?xml version="1.0" encoding="UTF-8"?>
<!-- Generated by org.testng.reporters.JUnitReportReporter -->
<testsuite skipped="0" hostname="ATMECSINLT-283" name="com.konacart.script.KonaCartScriptScenarioFirst" tests="2" failures="0" timestamp="2019-10-04T19:59:28 IST" time="5.645" errors="0">
  <testcase name="positiveScenerio" time="3.132" classname="com.konacart.script.KonaCartScriptScenarioFirst"/>
  <testcase name="negativeScenerio" time="2.513" classname="com.konacart.script.KonaCartScriptScenarioFirst"/>
</testsuite> <!-- com.konacart.script.KonaCartScriptScenarioFirst -->
