<?xml version="1.0" encoding="UTF-8"?>
<!-- Generated by org.testng.reporters.JUnitReportReporter -->
<testsuite skipped="0" hostname="ATMECSINLT-283" name="com.konacart.script.KonaCartScriptScenarioSecond" tests="2" failures="0" timestamp="2019-10-06T14:58:41 IST" time="5.978" errors="0">
  <testcase name="konaCartClickImage" time="5.582" classname="com.konacart.script.KonaCartScriptScenarioSecond"/>
  <testcase name="validateContentInsideTab" time="0.396" classname="com.konacart.script.KonaCartScriptScenarioSecond"/>
</testsuite> <!-- com.konacart.script.KonaCartScriptScenarioSecond -->
