<?xml version="1.0" encoding="UTF-8"?>
<!-- Generated by org.testng.reporters.JUnitReportReporter -->
<testsuite skipped="1" hostname="ATMECSINLT-283" name="com.konakart.script.KonaKartScriptScenarioFirst" tests="2" failures="0" timestamp="2019-10-07T21:31:26 IST" time="3.396" errors="0">
  <testcase name="positiveScenario" time="0.000" classname="com.konakart.script.KonaKartScriptScenarioFirst">
    <skipped/>
  </testcase> <!-- positiveScenario -->
  <testcase name="negativeScenario" time="3.396" classname="com.konakart.script.KonaKartScriptScenarioFirst"/>
</testsuite> <!-- com.konakart.script.KonaKartScriptScenarioFirst -->
