<?xml version="1.0" encoding="UTF-8"?>
<!-- Generated by org.testng.reporters.JUnitReportReporter -->
<testsuite skipped="0" hostname="ATMECSINLT-283" name="com.konakart.script.KonaKartScriptScenarioFirst" tests="13" failures="0" timestamp="2019-10-09T21:21:26 IST" time="29.673" errors="0">
  <testcase name="positiveScenario" time="1.745" classname="com.konakart.script.KonaKartScriptScenarioFirst"/>
  <testcase name="positiveScenario" time="1.668" classname="com.konakart.script.KonaKartScriptScenarioFirst"/>
  <testcase name="positiveScenario" time="1.804" classname="com.konakart.script.KonaKartScriptScenarioFirst"/>
  <testcase name="positiveScenario" time="2.122" classname="com.konakart.script.KonaKartScriptScenarioFirst"/>
  <testcase name="positiveScenario" time="1.769" classname="com.konakart.script.KonaKartScriptScenarioFirst"/>
  <testcase name="positiveScenario" time="1.783" classname="com.konakart.script.KonaKartScriptScenarioFirst"/>
  <testcase name="positiveScenario" time="3.232" classname="com.konakart.script.KonaKartScriptScenarioFirst"/>
  <testcase name="negativeScenario" time="2.558" classname="com.konakart.script.KonaKartScriptScenarioFirst"/>
  <testcase name="negativeScenario" time="2.611" classname="com.konakart.script.KonaKartScriptScenarioFirst"/>
  <testcase name="negativeScenario" time="2.549" classname="com.konakart.script.KonaKartScriptScenarioFirst"/>
  <testcase name="negativeScenario" time="2.733" classname="com.konakart.script.KonaKartScriptScenarioFirst"/>
  <testcase name="negativeScenario" time="2.558" classname="com.konakart.script.KonaKartScriptScenarioFirst"/>
  <testcase name="negativeScenario" time="2.541" classname="com.konakart.script.KonaKartScriptScenarioFirst"/>
</testsuite> <!-- com.konakart.script.KonaKartScriptScenarioFirst -->
