<?xml version="1.0" encoding="UTF-8"?>
<!-- Generated by org.testng.reporters.JUnitReportReporter -->
<testsuite skipped="0" hostname="ATMECSINLT-283" name="com.konakart.script.KonaKartScriptScenarioSecond" tests="2" failures="0" timestamp="2019-10-07T17:40:31 IST" time="14.620" errors="0">
  <testcase name="konaKartClickImage" time="4.884" classname="com.konakart.script.KonaKartScriptScenarioSecond"/>
  <testcase name="validateContentInsideTab" time="9.736" classname="com.konakart.script.KonaKartScriptScenarioSecond"/>
</testsuite> <!-- com.konakart.script.KonaKartScriptScenarioSecond -->
