<?xml version="1.0" encoding="UTF-8"?>
<!-- Generated by org.testng.reporters.JUnitReportReporter -->
<testsuite skipped="0" hostname="ATMECSINLT-283" name="com.konakart.script.KonaKartScriptScenarioFirst" tests="13" failures="0" timestamp="2019-10-10T17:32:57 IST" time="30.663" errors="0">
  <testcase name="positiveScenario" time="1.685" classname="com.konakart.script.KonaKartScriptScenarioFirst"/>
  <testcase name="positiveScenario" time="1.883" classname="com.konakart.script.KonaKartScriptScenarioFirst"/>
  <testcase name="positiveScenario" time="1.781" classname="com.konakart.script.KonaKartScriptScenarioFirst"/>
  <testcase name="positiveScenario" time="3.117" classname="com.konakart.script.KonaKartScriptScenarioFirst"/>
  <testcase name="positiveScenario" time="1.868" classname="com.konakart.script.KonaKartScriptScenarioFirst"/>
  <testcase name="positiveScenario" time="1.757" classname="com.konakart.script.KonaKartScriptScenarioFirst"/>
  <testcase name="positiveScenario" time="2.291" classname="com.konakart.script.KonaKartScriptScenarioFirst"/>
  <testcase name="negativeScenario" time="3.031" classname="com.konakart.script.KonaKartScriptScenarioFirst"/>
  <testcase name="negativeScenario" time="2.470" classname="com.konakart.script.KonaKartScriptScenarioFirst"/>
  <testcase name="negativeScenario" time="2.782" classname="com.konakart.script.KonaKartScriptScenarioFirst"/>
  <testcase name="negativeScenario" time="2.720" classname="com.konakart.script.KonaKartScriptScenarioFirst"/>
  <testcase name="negativeScenario" time="2.778" classname="com.konakart.script.KonaKartScriptScenarioFirst"/>
  <testcase name="negativeScenario" time="2.500" classname="com.konakart.script.KonaKartScriptScenarioFirst"/>
</testsuite> <!-- com.konakart.script.KonaKartScriptScenarioFirst -->
