<?xml version="1.0" encoding="UTF-8"?>
<!-- Generated by org.testng.reporters.JUnitReportReporter -->
<testsuite skipped="0" hostname="ATMECSINLT-283" name="com.konarcart.script.KonarCartScript" tests="2" failures="0" timestamp="2019-10-04T17:17:25 IST" time="4.859" errors="0">
  <testcase name="positiveScenerio" time="2.575" classname="com.konarcart.script.KonarCartScript"/>
  <testcase name="negativeScenerio" time="2.284" classname="com.konarcart.script.KonarCartScript"/>
</testsuite> <!-- com.konarcart.script.KonarCartScript -->
