<?xml version="1.0" encoding="UTF-8"?>
<!-- Generated by org.testng.reporters.JUnitReportReporter -->
<testsuite skipped="0" hostname="ATMECSINLT-283" name="com.konakart.script.KonaKartScriptScenarioSecond" tests="2" failures="0" timestamp="2019-10-08T01:38:10 IST" time="17.262" errors="0">
  <testcase name="konaKartClickImage" time="5.413" classname="com.konakart.script.KonaKartScriptScenarioSecond"/>
  <testcase name="validateContentInsideTab" time="11.849" classname="com.konakart.script.KonaKartScriptScenarioSecond"/>
</testsuite> <!-- com.konakart.script.KonaKartScriptScenarioSecond -->
