<?xml version="1.0" encoding="UTF-8"?>
<!-- Generated by org.testng.reporters.JUnitReportReporter -->
<testsuite skipped="0" hostname="ATMECSINLT-283" name="com.konakart.script.KonaKartScriptScenarioFirst" tests="13" failures="0" timestamp="2019-10-08T01:26:56 IST" time="35.245" errors="0">
  <testcase name="positiveScenario" time="2.325" classname="com.konakart.script.KonaKartScriptScenarioFirst"/>
  <testcase name="positiveScenario" time="3.314" classname="com.konakart.script.KonaKartScriptScenarioFirst"/>
  <testcase name="positiveScenario" time="2.341" classname="com.konakart.script.KonaKartScriptScenarioFirst"/>
  <testcase name="positiveScenario" time="2.114" classname="com.konakart.script.KonaKartScriptScenarioFirst"/>
  <testcase name="positiveScenario" time="2.789" classname="com.konakart.script.KonaKartScriptScenarioFirst"/>
  <testcase name="positiveScenario" time="2.955" classname="com.konakart.script.KonaKartScriptScenarioFirst"/>
  <testcase name="positiveScenario" time="2.948" classname="com.konakart.script.KonaKartScriptScenarioFirst"/>
  <testcase name="negativeScenario" time="2.925" classname="com.konakart.script.KonaKartScriptScenarioFirst"/>
  <testcase name="negativeScenario" time="2.819" classname="com.konakart.script.KonaKartScriptScenarioFirst"/>
  <testcase name="negativeScenario" time="2.686" classname="com.konakart.script.KonaKartScriptScenarioFirst"/>
  <testcase name="negativeScenario" time="2.642" classname="com.konakart.script.KonaKartScriptScenarioFirst"/>
  <testcase name="negativeScenario" time="2.683" classname="com.konakart.script.KonaKartScriptScenarioFirst"/>
  <testcase name="negativeScenario" time="2.704" classname="com.konakart.script.KonaKartScriptScenarioFirst"/>
</testsuite> <!-- com.konakart.script.KonaKartScriptScenarioFirst -->
